-------------------------------------------------------------------------------
Test set: com.ToDoList.ToDoListApplicationTests
-------------------------------------------------------------------------------
Tests run: 1, Failures: 0, Errors: 1, Skipped: 0, Time elapsed: 1.103 s <<< FAILURE! - in com.ToDoList.ToDoListApplicationTests
com.ToDoList.ToDoListApplicationTests  Time elapsed: 1.101 s  <<< ERROR!
java.lang.IllegalStateException: Unable to find a @SpringBootConfiguration, you need to use @ContextConfiguration or @SpringBootTest(classes=...) with your test

