<?xml version="1.0" encoding="UTF-8"?>
<testsuite xmlns:xsi="http://www.w3.org/2001/XMLSchema-instance" xsi:noNamespaceSchemaLocation="https://maven.apache.org/surefire/maven-surefire-plugin/xsd/surefire-test-report.xsd" name="com.ToDoList.ToDoListApplicationTests" time="1.103" tests="1" errors="1" skipped="0" failures="0">
  <properties>
[...]
</properties>
  <testcase name="com.ToDoList.ToDoListApplicationTests" classname="com.ToDoList.ToDoListApplicationTests" time="1.101">
    <error message="Unable to find a @SpringBootConfiguration, you need to use @ContextConfiguration or @SpringBootTest(classes=...) with your test" type="java.lang.IllegalStateException">java.lang.IllegalStateException: Unable to find a @SpringBootConfiguration, you need to use @ContextConfiguration or @SpringBootTest(classes=...) with your test
</error>
    <system-out><![CDATA[20:01:50.533 [main] DEBUG org.springframework.test.context.BootstrapUtils - Instantiating CacheAwareContextLoaderDelegate from class [org.springframework.test.context.cache.DefaultCacheAwareContextLoaderDelegate]
20:01:50.572 [main] DEBUG org.springframework.test.context.BootstrapUtils - Instantiating BootstrapContext using constructor [public org.springframework.test.context.support.DefaultBootstrapContext(java.lang.Class,org.springframework.test.context.CacheAwareContextLoaderDelegate)]
20:01:50.662 [main] DEBUG org.springframework.test.context.BootstrapUtils - Instantiating TestContextBootstrapper for test class [com.ToDoList.ToDoListApplicationTests] from class [org.springframework.boot.test.context.SpringBootTestContextBootstrapper]
20:01:50.720 [main] INFO org.springframework.boot.test.context.SpringBootTestContextBootstrapper - Neither @ContextConfiguration nor @ContextHierarchy found for test class [com.ToDoList.ToDoListApplicationTests], using SpringBootContextLoader
20:01:50.729 [main] DEBUG org.springframework.test.context.support.AbstractContextLoader - Did not detect default resource location for test class [com.ToDoList.ToDoListApplicationTests]: class path resource [com/ToDoList/ToDoListApplicationTests-context.xml] does not exist
20:01:50.730 [main] DEBUG org.springframework.test.context.support.AbstractContextLoader - Did not detect default resource location for test class [com.ToDoList.ToDoListApplicationTests]: class path resource [com/ToDoList/ToDoListApplicationTestsContext.groovy] does not exist
20:01:50.730 [main] INFO org.springframework.test.context.support.AbstractContextLoader - Could not detect default resource locations for test class [com.ToDoList.ToDoListApplicationTests]: no resource found for suffixes {-context.xml, Context.groovy}.
20:01:50.731 [main] INFO org.springframework.test.context.support.AnnotationConfigContextLoaderUtils - Could not detect default configuration classes for test class [com.ToDoList.ToDoListApplicationTests]: ToDoListApplicationTests does not declare any static, non-private, non-final, nested classes annotated with @Configuration.
20:01:50.832 [main] DEBUG org.springframework.test.context.support.ActiveProfilesUtils - Could not find an 'annotation declaring class' for annotation type [org.springframework.test.context.ActiveProfiles] and class [com.ToDoList.ToDoListApplicationTests]
20:01:51.118 [main] DEBUG org.springframework.test.context.BootstrapUtils - Instantiating CacheAwareContextLoaderDelegate from class [org.springframework.test.context.cache.DefaultCacheAwareContextLoaderDelegate]
20:01:51.118 [main] DEBUG org.springframework.test.context.BootstrapUtils - Instantiating BootstrapContext using constructor [public org.springframework.test.context.support.DefaultBootstrapContext(java.lang.Class,org.springframework.test.context.CacheAwareContextLoaderDelegate)]
20:01:51.119 [main] DEBUG org.springframework.test.context.BootstrapUtils - Instantiating TestContextBootstrapper for test class [com.ToDoList.ToDoListApplicationTests] from class [org.springframework.boot.test.context.SpringBootTestContextBootstrapper]
20:01:51.120 [main] INFO org.springframework.boot.test.context.SpringBootTestContextBootstrapper - Neither @ContextConfiguration nor @ContextHierarchy found for test class [com.ToDoList.ToDoListApplicationTests], using SpringBootContextLoader
20:01:51.121 [main] DEBUG org.springframework.test.context.support.AbstractContextLoader - Did not detect default resource location for test class [com.ToDoList.ToDoListApplicationTests]: class path resource [com/ToDoList/ToDoListApplicationTests-context.xml] does not exist
20:01:51.122 [main] DEBUG org.springframework.test.context.support.AbstractContextLoader - Did not detect default resource location for test class [com.ToDoList.ToDoListApplicationTests]: class path resource [com/ToDoList/ToDoListApplicationTestsContext.groovy] does not exist
20:01:51.137 [main] INFO org.springframework.test.context.support.AbstractContextLoader - Could not detect default resource locations for test class [com.ToDoList.ToDoListApplicationTests]: no resource found for suffixes {-context.xml, Context.groovy}.
20:01:51.137 [main] INFO org.springframework.test.context.support.AnnotationConfigContextLoaderUtils - Could not detect default configuration classes for test class [com.ToDoList.ToDoListApplicationTests]: ToDoListApplicationTests does not declare any static, non-private, non-final, nested classes annotated with @Configuration.
20:01:51.142 [main] DEBUG org.springframework.test.context.support.ActiveProfilesUtils - Could not find an 'annotation declaring class' for annotation type [org.springframework.test.context.ActiveProfiles] and class [com.ToDoList.ToDoListApplicationTests]
20:01:51.255 [main] DEBUG org.springframework.test.context.BootstrapUtils - Instantiating CacheAwareContextLoaderDelegate from class [org.springframework.test.context.cache.DefaultCacheAwareContextLoaderDelegate]
20:01:51.256 [main] DEBUG org.springframework.test.context.BootstrapUtils - Instantiating BootstrapContext using constructor [public org.springframework.test.context.support.DefaultBootstrapContext(java.lang.Class,org.springframework.test.context.CacheAwareContextLoaderDelegate)]
20:01:51.258 [main] DEBUG org.springframework.test.context.BootstrapUtils - Instantiating TestContextBootstrapper for test class [com.ToDoList.ToDoListApplicationTests] from class [org.springframework.boot.test.context.SpringBootTestContextBootstrapper]
20:01:51.268 [main] INFO org.springframework.boot.test.context.SpringBootTestContextBootstrapper - Neither @ContextConfiguration nor @ContextHierarchy found for test class [com.ToDoList.ToDoListApplicationTests], using SpringBootContextLoader
20:01:51.269 [main] DEBUG org.springframework.test.context.support.AbstractContextLoader - Did not detect default resource location for test class [com.ToDoList.ToDoListApplicationTests]: class path resource [com/ToDoList/ToDoListApplicationTests-context.xml] does not exist
20:01:51.279 [main] DEBUG org.springframework.test.context.support.AbstractContextLoader - Did not detect default resource location for test class [com.ToDoList.ToDoListApplicationTests]: class path resource [com/ToDoList/ToDoListApplicationTestsContext.groovy] does not exist
20:01:51.280 [main] INFO org.springframework.test.context.support.AbstractContextLoader - Could not detect default resource locations for test class [com.ToDoList.ToDoListApplicationTests]: no resource found for suffixes {-context.xml, Context.groovy}.
20:01:51.280 [main] INFO org.springframework.test.context.support.AnnotationConfigContextLoaderUtils - Could not detect default configuration classes for test class [com.ToDoList.ToDoListApplicationTests]: ToDoListApplicationTests does not declare any static, non-private, non-final, nested classes annotated with @Configuration.
20:01:51.285 [main] DEBUG org.springframework.test.context.support.ActiveProfilesUtils - Could not find an 'annotation declaring class' for annotation type [org.springframework.test.context.ActiveProfiles] and class [com.ToDoList.ToDoListApplicationTests]
]]></system-out>
  </testcase>
</testsuite>